http://0.0.0.0:36010/
116.136.20.120:19642 - - [03/Jul/2019 16:33:02] "HTTP/1.1 GET /update" - 200 OK
116.136.20.120:19642 - - [03/Jul/2019 16:33:57] "HTTP/1.1 GET /" - 200 OK
116.136.20.120:19742 - - [03/Jul/2019 16:40:45] "HTTP/1.1 GET /update" - 200 OK
116.136.20.120:19742 - - [03/Jul/2019 16:41:22] "HTTP/1.1 GET /" - 200 OK
116.136.20.120:19813 - - [03/Jul/2019 16:49:31] "HTTP/1.1 GET /update" - 200 OK
116.136.20.120:19814 - - [03/Jul/2019 16:49:31] "HTTP/1.1 GET /update" - 200 OK
116.136.20.120:19819 - - [03/Jul/2019 16:50:06] "HTTP/1.1 GET /update" - 200 OK
116.136.20.120:19850 - - [03/Jul/2019 16:51:10] "HTTP/1.1 GET /update" - 200 OK
116.136.20.120:19850 - - [03/Jul/2019 16:51:47] "HTTP/1.1 GET /" - 200 OK
116.136.20.120:20756 - - [03/Jul/2019 18:12:00] "HTTP/1.1 GET /update" - 200 OK
116.136.20.120:20756 - - [03/Jul/2019 18:12:37] "HTTP/1.1 GET /" - 200 OK
Traceback (most recent call last):
  File "/usr/lib64/python2.7/site-packages/web/application.py", line 239, in process
    return self.handle()
  File "/usr/lib64/python2.7/site-packages/web/application.py", line 230, in handle
    return self._delegate(fn, self.fvars, args)
  File "/usr/lib64/python2.7/site-packages/web/application.py", line 462, in _delegate
    return handle_class(cls)
  File "/usr/lib64/python2.7/site-packages/web/application.py", line 438, in handle_class
    return tocall(*args)
  File "/root/bumo-test/dpos.py", line 24, in GET
    res, msg = data_update(db_file, url='http://127.0.0.1:36012/')
  File "/root/bumo-test/model/dpos_data.py", line 112, in data_update
    res, data = data_get(url)
  File "/root/bumo-test/model/dpos_data.py", line 25, in data_get
    res = ca.req('getAccount', payload)
  File "/root/bumo-test/model/dpos_test.py", line 84, in req
    r = requests.get(self.url + module, params=payload)
  File "/usr/lib/python2.7/site-packages/requests/api.py", line 68, in get
    return request('get', url, **kwargs)
  File "/usr/lib/python2.7/site-packages/requests/api.py", line 50, in request
    response = session.request(method=method, url=url, **kwargs)
  File "/usr/lib/python2.7/site-packages/requests/sessions.py", line 464, in request
    resp = self.send(prep, **send_kwargs)
  File "/usr/lib/python2.7/site-packages/requests/sessions.py", line 576, in send
    r = adapter.send(request, **kwargs)
  File "/usr/lib/python2.7/site-packages/requests/adapters.py", line 415, in send
    raise ConnectionError(err, request=request)
ConnectionError: ('Connection aborted.', error(111, 'Connection refused'))

116.136.20.120:27547 - - [04/Jul/2019 09:29:47] "HTTP/1.1 GET /" - 500 Internal Server Error
ransferred done
2019-07-03 16:48:52 - ./dpos_test.py:[line:730] - INFO: Wait pledge coin transferred done
2019-07-03 16:48:53 - ./dpos_test.py:[line:730] - INFO: Wait pledge coin transferred done
2019-07-03 16:48:54 - ./dpos_test.py:[line:730] - INFO: Wait pledge coin transferred done
2019-07-03 16:48:55 - ./dpos_test.py:[line:730] - INFO: Wait pledge coin transferred done
2019-07-03 16:48:56 - ./dpos_test.py:[line:730] - INFO: Wait pledge coin transferred done
2019-07-03 16:48:57 - ./dpos_test.py:[line:342] - INFO: {
    "success_count": 1, 
    "results": [
        {
            "error_desc": "", 
            "hash": "a65afa111338ff4924168da91e3e61b6bcb436c9e8fa7155e1362d52ca2f1958", 
            "error_code": 0
        }
    ]
}
2019-07-03 16:48:57 - ./dpos_test.py:[line:598] - WARNING: apply execute take 6.05560803413 seconds
2019-07-03 16:48:57 - ./dpos_test.py:[line:1166] - INFO: Wait for proposal done
2019-07-03 16:48:58 - ./dpos_test.py:[line:1166] - INFO: Wait for proposal done
2019-07-03 16:48:59 - ./dpos_test.py:[line:1166] - INFO: Wait for proposal done
2019-07-03 16:49:00 - ./dpos_test.py:[line:1166] - INFO: Wait for proposal done
2019-07-03 16:49:01 - ./dpos_test.py:[line:1166] - INFO: Wait for proposal done
2019-07-03 16:49:02 - ./dpos_test.py:[line:1166] - INFO: Wait for proposal done
2019-07-03 16:49:03 - ./dpos_test.py:[line:1166] - INFO: Wait for proposal done
2019-07-03 16:49:04 - ./dpos_test.py:[line:1166] - INFO: Wait for proposal done
2019-07-03 16:49:05 - ./dpos_test.py:[line:1166] - INFO: Wait for proposal done
2019-07-03 16:49:06 - ./dpos_test.py:[line:1166] - INFO: Wait for proposal done
2019-07-03 16:49:07 - ./dpos_test.py:[line:342] - INFO: {
    "success_count": 3, 
    "results": [
        {
            "error_desc": "", 
            "hash": "db57b4bd2ea917490c5ddc43349eae37d2e810e5ca9e6d9ef9846615801ad24f", 
            "error_code": 0
        }, 
        {
            "error_desc": "", 
            "hash": "301803a81da1222ad56b3b482af1bf466a5b8d97682f77c59182578f5d9f46f9", 
            "error_code": 0
        }, 
        {
            "error_desc": "", 
            "hash": "338512b75e13261a3bd3056b9ac2d8fc9f4f5a17f18663fc063a8b41e2c44645", 
            "error_code": 0
        }
    ]
}
2019-07-03 17:36:06 - ./dpos_test.py:[line:342] - INFO: {
    "success_count": 1, 
    "results": [
        {
            "error_desc": "", 
            "hash": "13e7d6f0808dba7e9b0c11cc1411e70784e69dbe5b2e117b6b46ee3c1f279083", 
            "error_code": 0
        }
    ]
}
2019-07-03 17:36:38 - ./dpos_test.py:[line:342] - INFO: {
    "success_count": 2, 
    "results": [
        {
            "error_desc": "", 
            "hash": "aa4ac65c2c3759098e1d6e57883a1ca8196974ba8cd8c026553cd5dcf1023f1f", 
            "error_code": 0
        }, 
        {
            "error_desc": "", 
            "hash": "92ffbe5289c85e2930edeb9dcba9d829418ffb71a8bba38b4c2560d6454db9fe", 
            "error_code": 0
        }
    ]
}
2019-07-03 17:37:08 - ./dpos_test.py:[line:342] - INFO: {
    "success_count": 1, 
    "results": [
        {
            "error_desc": "", 
            "hash": "9210eb052f4bdd5f02cf2aa1af55822ae2bfb7f861816f36304367b616170f91", 
            "error_code": 0
        }
    ]
}
2019-07-03 17:37:40 - ./dpos_test.py:[line:342] - INFO: {
    "success_count": 2, 
    "results": [
        {
            "error_desc": "", 
            "hash": "b9b92b236c1984f562464a8590aae1e8043c170bf540e47883478b7db316f0c9", 
            "error_code": 0
        }, 
        {
            "error_desc": "", 
            "hash": "e9a9c487ca856c83b67080e0b93a61cb2c88cee5a3b3f570628ca5c0b760fecc", 
            "error_code": 0
        }
    ]
}
2019-07-03 17:38:10 - ./dpos_test.py:[line:342] - INFO: {
    "success_count": 1, 
    "results": [
        {
            "error_desc": "", 
            "hash": "091b57ed6d9e9f79a5072c9d8cb0a0d08ca17e329adac2735dcf6ff08d1e34ad", 
            "error_code": 0
        }
    ]
}
2019-07-03 17:38:42 - ./dpos_test.py:[line:342] - INFO: {
    "success_count": 2, 
    "results": [
        {
            "error_desc": "", 
            "hash": "c7d9c87457ad37e3e5f7bb947dc0383e4716c027dd0b0f9999425fd64595a7b8", 
            "error_code": 0
        }, 
        {
            "error_desc": "", 
            "hash": "ad45a2eb025bf9d98d9b09927ba2a1aea732e07b755c3d92225268d89b9d3f70", 
            "error_code": 0
        }
    ]
}
2019-07-03 17:39:12 - ./dpos_test.py:[line:342] - INFO: {
    "success_count": 1, 
    "results": [
        {
            "error_desc": "", 
            "hash": "abad209c1317437df40c73e76839373100e78dff77d80dcdbf58ec7e7aef4dd8", 
            "error_code": 0
        }
    ]
}
2019-07-03 17:39:44 - ./dpos_test.py:[line:342] - INFO: {
    "success_count": 2, 
    "results": [
        {
            "error_desc": "", 
            "hash": "74899dfd79f22c5ca1a8e608feac2277c41fa255b13912d742df417a97f76856", 
            "error_code": 0
        }, 
        {
            "error_desc": "", 
            "hash": "401586a775ccfc95f62ca59ba98cffb56bec4f12507a5059bbb8d3f61dce9b9a", 
            "error_code": 0
        }
    ]
}
2019-07-03 17:40:15 - ./dpos_test.py:[line:342] - INFO: {
    "success_count": 1, 
    "results": [
        {
            "error_desc": "", 
            "hash": "dd81d1697d84ad58787b85e55c5f9baca6235f3bfb9020fd7fad88ca3d95d187", 
            "error_code": 0
        }
    ]
}
2019-07-03 17:40:47 - ./dpos_test.py:[line:342] - INFO: {
    "success_count": 2, 
    "results": [
        {
            "error_desc": "", 
            "hash": "d7704827a0da76ecc0d1cb5c6364e7334b632a4b7e0fbb9cc333294be5fa4b3d", 
            "error_code": 0
        }, 
        {
            "error_desc": "", 
            "hash": "53c3c621943d0945e086f1acc06a1070052dd61a30a0886d0a05b107ee1a892d", 
            "error_code": 0
        }
    ]
}
2019-07-03 17:41:17 - ./dpos_test.py:[line:342] - INFO: {
    "success_count": 1, 
    "results": [
        {
            "error_desc": "", 
            "hash": "3d9605338d756401ff96d4f9927fc388afe5163f8aeaaa581ce2f6e5aa81c683", 
            "error_code": 0
        }
    ]
}
2019-07-03 17:41:49 - ./dpos_test.py:[line:342] - INFO: {
    "success_count": 2, 
    "results": [
        {
            "error_desc": "", 
            "hash": "2967be5167b7f6b3355b1852aaddf8380beb9eab46a88f8f3d5caada461ca97d", 
            "error_code": 0
        }, 
        {
            "error_desc": "", 
            "hash": "94179aa65a1b6f593b92e91d0869c3108674deaf435802fe56daf303c274595b", 
            "error_code": 0
        }
    ]
}
2019-07-03 17:42:19 - ./dpos_test.py:[line:342] - INFO: {
    "success_count": 1, 
    "results": [
        {
            "error_desc": "", 
            "hash": "ee3fca0eb9f8fe48599bc209d02bfa602b27d1f7fb746aa1a454abdfa1fe960d", 
            "error_code": 0
        }
    ]
}
2019-07-03 17:42:51 - ./dpos_test.py:[line:342] - INFO: {
    "success_count": 2, 
    "results": [
        {
            "error_desc": "", 
            "hash": "af0f4ef0b0aa9ff4614a190b8882e8898fcd9f49a60c517a4f797ccc0501396e", 
            "error_code": 0
        }, 
        {
            "error_desc": "", 
            "hash": "7738262900b70def63c015a185b89cbdbe96408f11b45119b8306711767bebd0", 
            "error_code": 0
        }
    ]
}
2019-07-03 17:43:21 - ./dpos_test.py:[line:342] - INFO: {
    "success_count": 1, 
    "results": [
        {
            "error_desc": "", 
            "hash": "bef4cadf26db9d155a3f8560b9c44b1593350c04d5761ddb4dcfabcc2c9f93a4", 
            "error_code": 0
        }
    ]
}
2019-07-03 17:43:53 - ./dpos_test.py:[line:342] - INFO: {
    "success_count": 2, 
    "results": [
        {
            "error_desc": "", 
            "hash": "9fccd68ec653d517008cd9d6ebfc2d234d37c94865cd2aa6312efb134edd55f4", 
            "error_code": 0
        }, 
        {
            "error_desc": "", 
            "hash": "5ead450fb056d360ed083c64af9f7406966c69f503fe011a738ba6ba7c9968c3", 
            "error_code": 0
        }
    ]
}
2019-07-03 17:44:23 - ./dpos_test.py:[line:342] - INFO: {
    "success_count": 1, 
    "results": [
        {
            "error_desc": "", 
            "hash": "0b0f6caba08cade5923e24e1c02e5a4d5fd7021762cbf153d37ec66a7de74097", 
            "error_code": 0
        }
    ]
}
2019-07-03 17:44:55 - ./dpos_test.py:[line:342] - INFO: {
    "success_count": 2, 
    "results": [
        {
            "error_desc": "", 
            "hash": "4c1e506fb2add3a2ccd55a74dd616190e4d106939fb67ed7c58940d331836b52", 
            "error_code": 0
        }, 
        {
            "error_desc": "", 
            "hash": "7be7421ac36ba49cbfc27049add6b5de65e66a6396150ec1c166ff007ed5e421", 
            "error_code": 0
        }
    ]
}
2019-07-03 17:45:25 - ./dpos_test.py:[line:342] - INFO: {
    "success_count": 1, 
    "results": [
        {
            "error_desc": "", 
            "hash": "1fc60186146ddceaef977d07a3f16b965a5601a5fc64a352346689afa3e31bdc", 
            "error_code": 0
        }
    ]
}
2019-07-03 17:45:57 - ./dpos_test.py:[line:342] - INFO: {
    "success_count": 2, 
    "results": [
        {
            "error_desc": "", 
            "hash": "f6eb469f56f2f9eb031ea5d5308bee999670dd9481ca690c43ccf77aac1dddff", 
            "error_code": 0
        }, 
        {
            "error_desc": "", 
            "hash": "d20e19cc92047ed52661ca998809dd5861b6fbf26db73de1f7eb8d16093c3dc2", 
            "error_code": 0
        }
    ]
}
2019-07-03 17:46:27 - ./dpos_test.py:[line:342] - INFO: {
    "success_count": 1, 
    "results": [
        {
            "error_desc": "", 
            "hash": "ee0a2af5ca0abae6a8c84f4dd63a198e8341879c768c9384edc572b3be331654", 
            "error_code": 0
        }
    ]
}
2019-07-03 17:46:59 - ./dpos_test.py:[line:342] - INFO: {
    "success_count": 2, 
    "results": [
        {
            "error_desc": "", 
            "hash": "670d9673df92e525004edd5e7e0367c69dd6f0ea39b54d2c3f563e0ac39562a4", 
            "error_code": 0
        }, 
        {
            "error_desc": "", 
            "hash": "a5e3dfec2791c04e361620a1e78d7502323fc990aaa4481acaa2c189de2570dd", 
            "error_code": 0
        }
    ]
}
2019-07-03 17:47:30 - ./dpos_test.py:[line:342] - INFO: {
    "success_count": 1, 
    "results": [
        {
            "error_desc": "", 
            "hash": "d7d8f46712e34671baf74f5d20de66d1f0efb37aae25748852c80862eabf10c0", 
            "error_code": 0
        }
    ]
}
2019-07-03 17:48:02 - ./dpos_test.py:[line:342] - INFO: {
    "success_count": 2, 
    "results": [
        {
            "error_desc": "", 
            "hash": "0ec569b0fac550d0d7c2270ae79f98ed3a306feeac67173979e869c81694e25d", 
            "error_code": 0
        }, 
        {
            "error_desc": "", 
            "hash": "c38ad8fef38d1d8566d08fbae274a57c8d61afd8da7b75b3bbb300992fa4aafb", 
            "error_code": 0
        }
    ]
}
2019-07-03 17:48:32 - ./dpos_test.py:[line:342] - INFO: {
    "success_count": 1, 
    "results": [
        {
            "error_desc": "", 
            "hash": "c3dbc55a25f59462cfc91d56d4e9d56faecc13be8c3edc1efb7819c79627267e", 
            "error_code": 0
        }
    ]
}
2019-07-03 17:49:04 - ./dpos_test.py:[line:342] - INFO: {
    "success_count": 2, 
    "results": [
        {
            "error_desc": "", 
            "hash": "b131446c28132de334e75d950feacc5b180dfd4ad7c6795c814fef47d7e4a78a", 
            "error_code": 0
        }, 
        {
            "error_desc": "", 
            "hash": "010d18441105e1b66e31ce5a754ddc8f263b9b14c3f8b2f462a7a1e45f1f2878", 
            "error_code": 0
        }
    ]
}
2019-07-03 17:49:34 - ./dpos_test.py:[line:342] - INFO: {
    "success_count": 1, 
    "results": [
        {
            "error_desc": "", 
            "hash": "0672aeeb94a0ba1d651c565a71fe8e1811e7d544f652948dea3b165475970820", 
            "error_code": 0
        }
    ]
}
2019-07-03 17:50:06 - ./dpos_test.py:[line:342] - INFO: {
    "success_count": 2, 
    "results": [
        {
            "error_desc": "", 
            "hash": "b5d1a7d70137a8de9d483b0ec6ec4cc4778e049a57c31636020bdfcb48dc89ca", 
            "error_code": 0
        }, 
        {
            "error_desc": "", 
            "hash": "8e9490b026ca7ac1bd94e76b4bb27457c2be5456a1879aff8111eaebcdbaa028", 
            "error_code": 0
        }
    ]
}
2019-07-03 17:50:36 - ./dpos_test.py:[line:342] - INFO: {
    "success_count": 1, 
    "results": [
        {
            "error_desc": "", 
            "hash": "c7a40fbd8e372511345f894aaa8889a17c4ad4d95256e2a25433f7bcb30a4bfc", 
            "error_code": 0
        }
    ]
}
2019-07-03 17:51:08 - ./dpos_test.py:[line:342] - INFO: {
    "success_count": 2, 
    "results": [
        {
            "error_desc": "", 
            "hash": "469f8dd78948c8c53bc0e79b69a4ade711579fd95d8a0c6b822fc424ecfdab3b", 
            "error_code": 0
        }, 
        {
            "error_desc": "", 
            "hash": "72dea4543f47b678c6a5db2e844a8a35ac3231ff09a0e5dfccef3d095becbcc7", 
            "error_code": 0
        }
    ]
}
2019-07-03 17:51:38 - ./dpos_test.py:[line:342] - INFO: {
    "success_count": 1, 
    "results": [
        {
            "error_desc": "", 
            "hash": "32c3c44cc69c61d3cb168bb67814e9587df4d3c4ad010113d8629f947e42379d", 
            "error_code": 0
        }
    ]
}
2019-07-03 17:52:10 - ./dpos_test.py:[line:342] - INFO: {
    "success_count": 2, 
    "results": [
        {
            "error_desc": "", 
            "hash": "c9b36128122eeda5aa99432dc44e9cbbac9a88f8bef8c9507bb6c4cca334f373", 
            "error_code": 0
        }, 
        {
            "error_desc": "", 
            "hash": "6edc7a9d470cae03f2c501bdba9c5261d601fff827b386e9f94cef3a2a0cc22a", 
            "error_code": 0
        }
    ]
}
2019-07-03 17:52:40 - ./dpos_test.py:[line:342] - INFO: {
    "success_count": 1, 
    "results": [
        {
            "error_desc": "", 
            "hash": "d91336557cdc5ce65b1a8246cd167e28f5e6c4ab195225b98b684471f1a0f286", 
            "error_code": 0
        }
    ]
}
2019-07-03 17:53:12 - ./dpos_test.py:[line:342] - INFO: {
    "success_count": 2, 
    "results": [
        {
            "error_desc": "", 
            "hash": "b5c863b516c11cb45a22f9325d6503d7e1e874edb944e587677f2cff549ea1c1", 
            "error_code": 0
        }, 
        {
            "error_desc": "", 
            "hash": "d7fc98bbf9315dd705594b6479c86408c1f1fb407f8c323d9558418236188ca5", 
            "error_code": 0
        }
    ]
}
2019-07-03 17:53:42 - ./dpos_test.py:[line:342] - INFO: {
    "success_count": 1, 
    "results": [
        {
            "error_desc": "", 
            "hash": "33062f4c1a82da349afd9d77216688d4b0c6c5cd352d7e3ebbc2b0f0fca87995", 
            "error_code": 0
        }
    ]
}
2019-07-03 17:54:14 - ./dpos_test.py:[line:342] - INFO: {
    "success_count": 2, 
    "results": [
        {
            "error_desc": "", 
            "hash": "c525365409b833fd2aabf7ababc3cc4f7b38c37f147a449bd877bb4172e25b92", 
            "error_code": 0
        }, 
        {
            "error_desc": "", 
            "hash": "1a09d409b8a04de88ca311124ca0b9c3c94c4f123efb7f76ffa3b647c6c0ff66", 
            "error_code": 0
        }
    ]
}
2019-07-03 17:54:45 - ./dpos_test.py:[line:342] - INFO: {
    "success_count": 1, 
    "results": [
        {
            "error_desc": "", 
            "hash": "d38bbb75c09b12800821d8c4cab9ee7c5e7cbb27691eb53f3d072b8ebc0db6b7", 
            "error_code": 0
        }
    ]
}
2019-07-03 17:55:17 - ./dpos_test.py:[line:342] - INFO: {
    "success_count": 2, 
    "results": [
        {
            "error_desc": "", 
            "hash": "2f732ce7503820d9ba4566d3b25cf1fafcf9e3bc4f0958a8e02c3546fb9282b3", 
            "error_code": 0
        }, 
        {
            "error_desc": "", 
            "hash": "181b6d4b03fed653595719f4a202dbda14cbd74c51e5f74457c6978287f52262", 
            "error_code": 0
        }
    ]
}
2019-07-03 17:55:47 - ./dpos_test.py:[line:342] - INFO: {
    "success_count": 1, 
    "results": [
        {
            "error_desc": "", 
            "hash": "e11c206133af03c7eecd9e2a1cc51ea91315e9e0dd063852a1e08c9ef53b6d18", 
            "error_code": 0
        }
    ]
}
2019-07-03 17:56:19 - ./dpos_test.py:[line:342] - INFO: {
    "success_count": 2, 
    "results": [
        {
            "error_desc": "", 
            "hash": "65045d49029659b6793691fada219e9984eae7e3ce328e451ad5d2cd1e1da517", 
            "error_code": 0
        }, 
        {
            "error_desc": "", 
            "hash": "384d18a5e19aa64c04ceacd99f2dc6ff4d985c33434a71c83d84e7dde016c472", 
            "error_code": 0
        }
    ]
}
2019-07-03 17:56:49 - ./dpos_test.py:[line:342] - INFO: {
    "success_count": 1, 
    "results": [
        {
            "error_desc": "", 
            "hash": "f4c30d0f4f7fe584a73da061b457210ddca0f9e6604c09cf32c1e40e1520df88", 
            "error_code": 0
        }
    ]
}
2019-07-03 17:57:21 - ./dpos_test.py:[line:342] - INFO: {
    "success_count": 2, 
    "results": [
        {
            "error_desc": "", 
            "hash": "a4a6fac6ee6a554bac862c2614c376cac0a439071896932938635b50eca6b6b0", 
            "error_code": 0
        }, 
        {
            "error_desc": "", 
            "hash": "af005978d58685696dd8bb785173a85877989518c112ea6a2219c9fe09726b23", 
            "error_code": 0
        }
    ]
}
2019-07-03 17:57:51 - ./dpos_test.py:[line:342] - INFO: {
    "success_count": 1, 
    "results": [
        {
            "error_desc": "", 
            "hash": "741d88a9c14568927ba35bdf951aabf2c075e8f7bf312fcab6204da9ae13e22d", 
            "error_code": 0
        }
    ]
}
2019-07-03 17:58:23 - ./dpos_test.py:[line:342] - INFO: {
    "success_count": 2, 
    "results": [
        {
            "error_desc": "", 
            "hash": "37052fd06342935070debb5e1e8763dd4e36836e6834d7445305827504f1eb9f", 
            "error_code": 0
        }, 
        {
            "error_desc": "", 
            "hash": "a11a66d1a0192008725eaab442e0b74deb72cd12b1fe21cb3add4d2b95f3fe18", 
            "error_code": 0
        }
    ]
}
2019-07-03 17:58:53 - ./dpos_test.py:[line:342] - INFO: {
    "success_count": 1, 
    "results": [
        {
            "error_desc": "", 
            "hash": "1f2a3f5e2696df2a1a1c50c06a1587b45717804d19164bcf609f988e8c785216", 
            "error_code": 0
        }
    ]
}
2019-07-03 17:59:25 - ./dpos_test.py:[line:342] - INFO: {
    "success_count": 2, 
    "results": [
        {
            "error_desc": "", 
            "hash": "2778b9f02dd13e95416ddcf3d22f22e5dc06e76279a95f3105b9aa53661511e4", 
            "error_code": 0
        }, 
        {
            "error_desc": "", 
            "hash": "30bd282ecb1c1f5248bf11b39dc21b8c6b90aa0e5ced2102ee12121493b10e30", 
            "error_code": 0
        }
    ]
}
2019-07-03 17:59:55 - ./dpos_test.py:[line:342] - INFO: {
    "success_count": 1, 
    "results": [
        {
            "error_desc": "", 
            "hash": "95f89e0d3133c13c58bde3430d48dc9a568c7aaaa719d9996d1b35ca341df4f0", 
            "error_code": 0
        }
    ]
}
2019-07-03 18:00:27 - ./dpos_test.py:[line:342] - INFO: {
    "success_count": 2, 
    "results": [
        {
            "error_desc": "", 
            "hash": "79acb448eca55bfcb8b7b5874ec94af5a57682ea9aea9df9bfe1fd9505766434", 
            "error_code": 0
        }, 
        {
            "error_desc": "", 
            "hash": "711df23dfe0b85f9a567d34795480fe85c9bab7a3e45d9f00c9c761d9ec89035", 
            "error_code": 0
        }
    ]
}
2019-07-03 18:00:57 - ./dpos_test.py:[line:342] - INFO: {
    "success_count": 1, 
    "results": [
        {
            "error_desc": "", 
            "hash": "a23485fa11d0eff048c674a0b4e5308eec50abde78032cd088ea30609e5ea2bd", 
            "error_code": 0
        }
    ]
}
2019-07-03 18:01:29 - ./dpos_test.py:[line:342] - INFO: {
    "success_count": 2, 
    "results": [
        {
            "error_desc": "", 
            "hash": "f005f50824c1ae15fd5cf3fb482a701ae5767a6964559d6f9dcf1d3ea51c29cc", 
            "error_code": 0
        }, 
        {
            "error_desc": "", 
            "hash": "7db4821eaa9c3ee7e4f0750f3206f62a8a2fa9fb1ae9bbebf26bbd6d1f1911e3", 
            "error_code": 0
        }
    ]
}
2019-07-03 18:02:00 - ./dpos_test.py:[line:342] - INFO: {
    "success_count": 1, 
    "results": [
        {
            "error_desc": "", 
            "hash": "24fdd2354afa4bda476d1dbb1a1bd44c3d6deff366c803e97e8d42026c5308b8", 
            "error_code": 0
        }
    ]
}
2019-07-03 18:02:32 - ./dpos_test.py:[line:342] - INFO: {
    "success_count": 2, 
    "results": [
        {
            "error_desc": "", 
            "hash": "6f014f82d28bac2072a8f75135b6d89436aa28ab3ebf91ab8e327d2d5ee820ec", 
            "error_code": 0
        }, 
        {
            "error_desc": "", 
            "hash": "a525e25e8e43ebee9c0e40d5768b5ee49dd615652ea2398297a42cccfbea9846", 
            "error_code": 0
        }
    ]
}
2019-07-03 18:03:02 - ./dpos_test.py:[line:342] - INFO: {
    "success_count": 1, 
    "results": [
        {
            "error_desc": "", 
            "hash": "cc7846d706d662ad8845ce4ca4f371980f874c97a11280bd8fe40769a836d382", 
            "error_code": 0
        }
    ]
}
2019-07-03 18:03:34 - ./dpos_test.py:[line:342] - INFO: {
    "success_count": 2, 
    "results": [
        {
            "error_desc": "", 
            "hash": "309745957b9b9cadeaf3626583061f571d4fca41ddd006a0f0d48650a8ec2c9e", 
            "error_code": 0
        }, 
        {
            "error_desc": "", 
            "hash": "9bca6e9f4c6b43420dc2f72cab7da895e4b18b75d5827e187c5016c55b1f59ab", 
            "error_code": 0
        }
    ]
}
2019-07-03 18:04:04 - ./dpos_test.py:[line:342] - INFO: {
    "success_count": 1, 
    "results": [
        {
            "error_desc": "", 
            "hash": "9a3990c6544b7240c75b85ee8af484f6598d1c025c57d6243734d7db4469d061", 
            "error_code": 0
        }
    ]
}
2019-07-03 18:04:36 - ./dpos_test.py:[line:342] - INFO: {
    "success_count": 2, 
    "results": [
        {
            "error_desc": "", 
            "hash": "6a3949d21c2233ffdd96247de00a9be4cb2d58cde1c337a82caf38fffce93d98", 
            "error_code": 0
        }, 
        {
            "error_desc": "", 
            "hash": "673c2d06c6986c1fea6f6a5360fbb75277376931346f7c865a8e2560b130d410", 
            "error_code": 0
        }
    ]
}
2019-07-03 18:05:06 - ./dpos_test.py:[line:342] - INFO: {
    "success_count": 1, 
    "results": [
        {
            "error_desc": "", 
            "hash": "b12ae97b9a3f868a65a0b5f1cbe4e6541b837df3e28f54ad6571a67659a77d2c", 
            "error_code": 0
        }
    ]
}
2019-07-03 18:05:38 - ./dpos_test.py:[line:342] - INFO: {
    "success_count": 2, 
    "results": [
        {
            "error_desc": "", 
            "hash": "9487ef7bdc8a5294107dc98ce0762d01d6f2d14d7ef4c82b60c5af2b651f1590", 
            "error_code": 0
        }, 
        {
            "error_desc": "", 
            "hash": "2ef09b688612e5b70a73ab3fc9a4e6a6afdba6880c56ec5442ea9aa7be89e548", 
            "error_code": 0
        }
    ]
}
2019-07-03 18:06:08 - ./dpos_test.py:[line:342] - INFO: {
    "success_count": 1, 
    "results": [
        {
            "error_desc": "", 
            "hash": "81c2e5440ec0e73dc77ed10c229537a1913e7923a83cc0b34111455e500b9a40", 
            "error_code": 0
        }
    ]
}
2019-07-03 18:06:40 - ./dpos_test.py:[line:342] - INFO: {
    "success_count": 2, 
    "results": [
        {
            "error_desc": "", 
            "hash": "b2dacd738d96fd116b81bf4e6473b4ecbe9c6f7704fa32b7c6b65f3aec82fe70", 
            "error_code": 0
        }, 
        {
            "error_desc": "", 
            "hash": "ae75eafc5058c60e1d11d72e6709fe2a74f47fcda7c78b1915fc36718acff377", 
            "error_code": 0
        }
    ]
}
2019-07-03 18:16:30 - ./dpos_test.py:[line:342] - INFO: {
    "success_count": 1, 
    "results": [
        {
            "error_desc": "", 
            "hash": "81c2e5440ec0e73dc77ed10c229537a1913e7923a83cc0b34111455e500b9a40", 
            "error_code": 0
        }
    ]
}
2019-07-03 18:17:02 - ./dpos_test.py:[line:342] - INFO: {
    "success_count": 2, 
    "results": [
        {
            "error_desc": "", 
            "hash": "b2dacd738d96fd116b81bf4e6473b4ecbe9c6f7704fa32b7c6b65f3aec82fe70", 
            "error_code": 0
        }, 
        {
            "error_desc": "", 
            "hash": "ae75eafc5058c60e1d11d72e6709fe2a74f47fcda7c78b1915fc36718acff377", 
            "error_code": 0
        }
    ]
}
